<?xml version="1.0" encoding="UTF-8"?>
<!-- Generated by org.testng.reporters.JUnitReportReporter -->
<testsuite hostname="Thoushika" failures="0" tests="2" name="runner.runnerTest" time="17.882" errors="0" timestamp="2025-04-02T17:14:29 IST" skipped="0">
  <testcase classname="runner.runnerTest" name="runScenario" time="8.769"/>
  <testcase classname="runner.runnerTest" name="runScenario" time="9.113"/>
</testsuite> <!-- runner.runnerTest -->
